<?xml version="1.0" encoding="UTF-8"?>
<testsuite xmlns:xsi="http://www.w3.org/2001/XMLSchema-instance" xsi:noNamespaceSchemaLocation="https://maven.apache.org/surefire/maven-surefire-plugin/xsd/surefire-test-report.xsd" name="com.orthega.AppTest" time="0.056" tests="2" errors="0" skipped="0" failures="0">
  <properties>
    <property name="java.specification.version" value="13"/>
    <property name="sun.cpu.isalist" value="amd64"/>
    <property name="sun.jnu.encoding" value="Cp1252"/>
    <property name="java.class.path" value="D:\Copilot-Explore\DataStructureAndAlgos\algos\target\test-classes;D:\Copilot-Explore\DataStructureAndAlgos\algos\target\classes;C:\Users\irava\.m2\repository\junit\junit\4.11\junit-4.11.jar;C:\Users\irava\.m2\repository\org\hamcrest\hamcrest-core\1.3\hamcrest-core-1.3.jar;C:\Users\irava\.m2\repository\org\assertj\assertj-core\3.20.1\assertj-core-3.20.1.jar;"/>
    <property name="java.vm.vendor" value="Oracle Corporation"/>
    <property name="sun.arch.data.model" value="64"/>
    <property name="user.variant" value=""/>
    <property name="java.vendor.url" value="https://java.oracle.com/"/>
    <property name="user.timezone" value="Europe/Paris"/>
    <property name="os.name" value="Windows 10"/>
    <property name="java.vm.specification.version" value="13"/>
    <property name="sun.java.launcher" value="SUN_STANDARD"/>
    <property name="user.country" value="FR"/>
    <property name="sun.boot.library.path" value="C:\Program Files\Java\jdk-13.0.2\bin"/>
    <property name="sun.java.command" value="C:\Users\irava\AppData\Local\Temp\surefire13639904329550348595\surefirebooter11464481390882243487.jar C:\Users\irava\AppData\Local\Temp\surefire13639904329550348595 2021-09-09T15-39-47_980-jvmRun1 surefire4023247797062929377tmp surefire_015221607764450280069tmp"/>
    <property name="jdk.debug" value="release"/>
    <property name="surefire.test.class.path" value="D:\Copilot-Explore\DataStructureAndAlgos\algos\target\test-classes;D:\Copilot-Explore\DataStructureAndAlgos\algos\target\classes;C:\Users\irava\.m2\repository\junit\junit\4.11\junit-4.11.jar;C:\Users\irava\.m2\repository\org\hamcrest\hamcrest-core\1.3\hamcrest-core-1.3.jar;C:\Users\irava\.m2\repository\org\assertj\assertj-core\3.20.1\assertj-core-3.20.1.jar;"/>
    <property name="sun.cpu.endian" value="little"/>
    <property name="user.home" value="C:\Users\irava"/>
    <property name="user.language" value="fr"/>
    <property name="java.specification.vendor" value="Oracle Corporation"/>
    <property name="java.version.date" value="2020-01-14"/>
    <property name="java.home" value="C:\Program Files\Java\jdk-13.0.2"/>
    <property name="file.separator" value="\"/>
    <property name="basedir" value="D:\Copilot-Explore\DataStructureAndAlgos\algos"/>
    <property name="java.vm.compressedOopsMode" value="32-bit"/>
    <property name="line.separator" value="&#10;"/>
    <property name="java.vm.specification.vendor" value="Oracle Corporation"/>
    <property name="java.specification.name" value="Java Platform API Specification"/>
    <property name="surefire.real.class.path" value="C:\Users\irava\AppData\Local\Temp\surefire13639904329550348595\surefirebooter11464481390882243487.jar"/>
    <property name="user.script" value=""/>
    <property name="sun.management.compiler" value="HotSpot 64-Bit Tiered Compilers"/>
    <property name="java.runtime.version" value="13.0.2+8"/>
    <property name="user.name" value="irava"/>
    <property name="path.separator" value=";"/>
    <property name="os.version" value="10.0"/>
    <property name="java.runtime.name" value="Java(TM) SE Runtime Environment"/>
    <property name="file.encoding" value="Cp1252"/>
    <property name="java.vm.name" value="Java HotSpot(TM) 64-Bit Server VM"/>
    <property name="localRepository" value="C:\Users\irava\.m2\repository"/>
    <property name="java.vendor.url.bug" value="https://bugreport.java.com/bugreport/"/>
    <property name="java.io.tmpdir" value="C:\Users\irava\AppData\Local\Temp\"/>
    <property name="java.version" value="13.0.2"/>
    <property name="user.dir" value="D:\Copilot-Explore\DataStructureAndAlgos\algos"/>
    <property name="os.arch" value="amd64"/>
    <property name="java.vm.specification.name" value="Java Virtual Machine Specification"/>
    <property name="sun.os.patch.level" value=""/>
    <property name="java.library.path" value="C:\Program Files\Java\jdk-13.0.2\bin;C:\WINDOWS\Sun\Java\bin;C:\WINDOWS\system32;C:\WINDOWS;C:\Program Files\Python36\Scripts\;C:\Program Files\Python36\;C:\Program Files\Python39\Scripts\;C:\Program Files\Python39\;C:\Python39\Scripts\;C:\Python39\;C:\windows\system32;C:\windows;C:\windows\System32\Wbem;C:\windows\System32\WindowsPowerShell\v1.0\;C:\windows\System32\OpenSSH\;C:\Program Files (x86)\NVIDIA Corporation\PhysX\Common;C:\Program Files\Intel\WiFi\bin\;C:\Program Files\Common Files\Intel\WirelessCommon\;C:\WINDOWS\system32;C:\WINDOWS;C:\WINDOWS\System32\Wbem;C:\WINDOWS\System32\WindowsPowerShell\v1.0\;C:\WINDOWS\System32\OpenSSH\;C:\MinGW\bin;C:\Program Files\CMake\bin;C:\Program Files\Git LFS;C:\Program Files\Java\jdk-13.0.2\bin;D:\Master1Sem2Imagina\Nouveau dossier\apache-ant-1.10.7\bin;C:\Program Files\Microsoft SQL Server\Client SDK\ODBC\170\Tools\Binn\;C:\Program Files (x86)\Microsoft SQL Server\150\Tools\Binn\;C:\Program Files\Microsoft SQL Server\150\Tools\Binn\;C:\Program Files\Microsoft SQL Server\150\DTS\Binn\;C:\Program Files (x86)\Microsoft SQL Server\150\DTS\Binn\;C:\MinGW\msys\1.0\bin;C:\Program Files\PuTTY\;C:\Windows\Microsoft.NET\Framework\v4.0.30319;D:\Programs\Node\;C:\ProgramData\chocolatey\bin;C:\Program Files\Git\cmd;D:\Programs\python\Scripts\;D:\Programs\python\;C:\Users\irava\AppData\Local\Microsoft\WindowsApps;C:\MinGW\msys\1.0\bin;C:\Users\irava\.dotnet\tools;C:\Users\irava\AppData\Local\atom\bin;C:\Users\irava\AppData\Roaming\npm;D:\Programs\intellij\IntelliJ IDEA Community Edition 2020.2.3\bin;;D:\Programs\PyCharm Community Edition 2020.2.3\bin;;D:\flutterDirectory\flutter\bin;D:\Programs\Microsoft VS Code\bin;C:\Users\irava\AppData\Local\Microsoft\WindowsApps;D:\MASTER2IMAGINA\ProjetStage\kotlin-compiler-1.5.10\kotlinc\bin;D:\Programs\xamp\php;D:\Programs\composer;D:\gradle-7.2-bin\gradle-7.2\bin;D:\apache-maven-3.8.2-bin\apache-maven-3.8.2\bin;;D:\IntelliJ IDEA 2021.2.1\bin;;."/>
    <property name="java.vm.info" value="mixed mode, sharing"/>
    <property name="java.vendor" value="Oracle Corporation"/>
    <property name="java.vm.version" value="13.0.2+8"/>
    <property name="sun.io.unicode.encoding" value="UnicodeLittle"/>
    <property name="java.class.version" value="57.0"/>
  </properties>
  <testcase name="shouldCheckIfStringContainsUniqueCharacters" classname="com.orthega.AppTest" time="0.003"/>
  <testcase name="shouldAnswerWithTrue" classname="com.orthega.AppTest" time="0"/>
</testsuite>